  CommandHandler.cpp
C:\Users\Yony_\Desktop\FMI\2 semester\OOP\Repeat\SVG Files Project\SVG Files Project\SVGDocument.h(5,10): warning C4067: unexpected tokens following preprocessor directive - expected a newline
  (compiling source file 'CommandHandler.cpp')
  
C:\Users\Yony_\Desktop\FMI\2 semester\OOP\Repeat\SVG Files Project\SVG Files Project\SVGDocument.h(6,10): warning C4067: unexpected tokens following preprocessor directive - expected a newline
  (compiling source file 'CommandHandler.cpp')
  
C:\Users\Yony_\Desktop\FMI\2 semester\OOP\Repeat\SVG Files Project\SVG Files Project\SVGDocument.h(7,10): warning C4067: unexpected tokens following preprocessor directive - expected a newline
  (compiling source file 'CommandHandler.cpp')
  
  SVGDocument.cpp
C:\Users\Yony_\Desktop\FMI\2 semester\OOP\Repeat\SVG Files Project\SVG Files Project\SVGDocument.h(5,10): warning C4067: unexpected tokens following preprocessor directive - expected a newline
  (compiling source file 'SVGDocument.cpp')
  
C:\Users\Yony_\Desktop\FMI\2 semester\OOP\Repeat\SVG Files Project\SVG Files Project\SVGDocument.h(6,10): warning C4067: unexpected tokens following preprocessor directive - expected a newline
  (compiling source file 'SVGDocument.cpp')
  
C:\Users\Yony_\Desktop\FMI\2 semester\OOP\Repeat\SVG Files Project\SVG Files Project\SVGDocument.h(7,10): warning C4067: unexpected tokens following preprocessor directive - expected a newline
  (compiling source file 'SVGDocument.cpp')
  
C:\Users\Yony_\Desktop\FMI\2 semester\OOP\Repeat\SVG Files Project\SVG Files Project\SVGDocument.cpp(6,10): warning C4067: unexpected tokens following preprocessor directive - expected a newline
C:\Users\Yony_\Desktop\FMI\2 semester\OOP\Repeat\SVG Files Project\SVG Files Project\SVGDocument.cpp(7,10): warning C4067: unexpected tokens following preprocessor directive - expected a newline
C:\Users\Yony_\Desktop\FMI\2 semester\OOP\Repeat\SVG Files Project\SVG Files Project\SVGDocument.cpp(8,10): warning C4067: unexpected tokens following preprocessor directive - expected a newline
C:\Users\Yony_\Desktop\FMI\2 semester\OOP\Repeat\SVG Files Project\SVG Files Project\SVGDocument.cpp(294,16): warning C4554: '|': check operator precedence for possible error; use parentheses to clarify precedence
  Generating Code...
  SVG Files Project.vcxproj -> C:\Users\Yony_\Desktop\FMI\2 semester\OOP\Repeat\SVG Files Project\x64\Debug\SVG Files Project.exe
